生成启动时间为 2018/9/6 16:06:40。
     1>项目“E:\VSEngine2-master\VSDx9Renderer\VSDx9Renderer.vcxproj”在节点 5 上(Build 个目标)。
     1>ClCompile:
         D:\Program Files (x86)\Microsoft Visual Studio 12.0\VC\bin\CL.exe /c /I..\VSSystem\ /I..\VSMath\ /I..\VSDataStruct /I..\VSGraphic\ /I..\SDK\DX9\Include /Zi /nologo /W3 /WX- /Od /Oy- /D WIN32 /D _DEBUG /D _WINDOWS /D _USRDLL /D VSDX9RENDERER_EXPORTS /D _WINDLL /Gm /EHsc /RTC1 /MDd /GS /fp:precise /Zc:wchar_t /Zc:forScope /Fo".\Debug\\" /Fd".\Debug\vc120.pdb" /Gd /TP /analyze- /errorReport:prompt VSDx9RenderAPI.cpp VSDx9Renderer.cpp VSDx9ShaderConstant.cpp VSDx9ShaderInclude.cpp VSDX9ShaderString.cpp
         VSDX9ShaderString.cpp
         VSDx9ShaderInclude.cpp
         VSDx9ShaderConstant.cpp
         VSDx9Renderer.cpp
         VSDx9RenderAPI.cpp
         正在生成代码...
       Link:
         D:\Program Files (x86)\Microsoft Visual Studio 12.0\VC\bin\link.exe /ERRORREPORT:PROMPT /OUT:"..\Bin\VSDx9Renderer_d.dll" /INCREMENTAL /NOLOGO ..\Bin\VSDataStruct_d.lib ..\Bin\VSSystem_d.lib ..\Bin\VSMath_d.lib ..\Bin\VSGraphic_d.lib ..\SDK\DX9\Lib\x86\d3d9.lib ..\SDK\DX9\Lib\x86\d3dx9.lib kernel32.lib user32.lib gdi32.lib winspool.lib comdlg32.lib advapi32.lib shell32.lib ole32.lib oleaut32.lib uuid.lib odbc32.lib odbccp32.lib /MANIFEST /MANIFESTUAC:"level='asInvoker' uiAccess='false'" /manifest:embed /DEBUG /PDB:"..\Bin\VSDx9Renderer_d.pdb" /SUBSYSTEM:WINDOWS /TLBID:1 /DYNAMICBASE /NXCOMPAT /IMPLIB:"..\Bin\VSDx9Renderer_d.lib" /MACHINE:X86 /SAFESEH /DLL .\Debug\VSDx9RenderAPI.obj
         .\Debug\VSDx9Renderer.obj
         .\Debug\VSDx9ShaderConstant.obj
         .\Debug\VSDx9ShaderInclude.obj
         .\Debug\VSDX9ShaderString.obj
         "E:\VSEngine2-master\Bin\VSGraphic_d.lib"
            正在创建库 ..\Bin\VSDx9Renderer_d.lib 和对象 ..\Bin\VSDx9Renderer_d.exp
         VSDx9Renderer.vcxproj -> E:\VSEngine2-master\VSDx9Renderer\..\Bin\VSDx9Renderer_d.dll
     1>已完成生成项目“E:\VSEngine2-master\VSDx9Renderer\VSDx9Renderer.vcxproj”(Build 个目标)的操作。

生成成功。

已用时间 00:00:20.05
