生成启动时间为 2018/5/31 21:20:23。
     1>项目“E:\VSEngine2-master\VSGraphic\VSGraphic.vcxproj”在节点 2 上(Build 个目标)。
     1>ClCompile:
         D:\Program Files (x86)\Microsoft Visual Studio 12.0\VC\bin\CL.exe /c /I..\VSCore\ /I..\VSSystem\ /I..\VSMath\ /I..\VSDataStruct\ /I..\SDK\NVCompress\Include\ /ZI /nologo /W3 /WX- /Od /Oy- /D WIN32 /D _DEBUG /D _WINDOWS /D _USRDLL /D VSGRAPHIC_EXPORTS /D _WINDLL /Gm /EHsc /RTC1 /MDd /GS /fp:precise /Zc:wchar_t /Zc:forScope /Fo".\Debug\\" /Fd".\Debug\vc120.pdb" /Gd /TP /analyze- /errorReport:prompt VSAdditiveBlend.cpp VSASYNLoader.cpp VSColorBuffer.cpp VSController.cpp VSCustomArchiveObject.cpp VSEnumTrans.cpp VSGraphic.cpp VSMain.cpp VSMeshComponent.cpp VSMonitor.cpp VSMorphBlendFunction.cpp VSName.cpp VSNodeComponent.cpp VSNullRenderer.cpp VSNVCompression.cpp VSObject.cpp VSOneParamImmediateAnimBlend.cpp VSOneParamMorphBlend.cpp VSOneParamSmoothAnimBlend.cpp VSOneParamSmoothAnimBlendSequence.cpp VSOneParamSmoothMorphBlend.cpp VSPEMaterial.cpp VSPostEffectPass.cpp VSPostEffectShaderFunction.cpp VSPriority.cpp VSProfiler.cpp VSPutNode.cpp VSReference.cpp VSReflectCameraActor.cpp VSResource.cpp VSResourceManager.cpp VSRtti.cpp VSSkelectonMeshComponent.cpp VSSocketNode.cpp VSStaticMeshComponent.cpp VSStream.cpp VSTexCoord.cpp VSTimeEvent.cpp VSTransform.cpp VSTwoParamAnimBlendSequence.cpp VSUseBuffer.cpp VSVariant.cpp VS1DTexSampler.cpp VS2DTexSampler.cpp VSAnisotropicWardShaderFunction.cpp VSArithmeticShaderFunction.cpp VSCameraShaderFunction.cpp VSConstFloatValue.cpp VSConstValue.cpp VSCookTorranceShaderFunction.cpp VSCustomShaderFunction.cpp VSIsotropicWardShaderFunction.cpp VSLightShaderFunction.cpp VSMaterial.cpp VSMinnaertShaderFunction.cpp VSNormalFunction.cpp VSOrenNayarShaderFunction.cpp VSPhoneShaderFunction.cpp VSPosShaderFunction.cpp VSSchlickShaderFunction.cpp VSShaderFunction.cpp VSShaderMainFunction.cpp VSShirleyShaderFunction.cpp VSStraussShaderFunction.cpp VSTexSampler.cpp VSVertexColor.cpp VS1DTexture.cpp VS2DTexture.cpp VS3DTexture.cpp VSCaptureTexAllState.cpp VSCubeTexture.cpp VSTexAllState.cpp VSTexture.cpp VSAnimAtom.cpp VSAnimBaseFunction.cpp VSAnimBlendFunction.cpp VSAnimFunction.cpp VSAnimMainFunction.cpp VSAnimSequenceFunc.cpp VSAnimSet.cpp VSAnimTree.cpp VSMorphBaseFunction.cpp VSMorphFunction.cpp VSMorphMainFunction.cpp VSMorphSequenceFunc.cpp VSMorphSet.cpp VSMorphTree.cpp VSOneParamAnimBlend.cpp VSPartialAnimBlend.cpp VSRectAnimBlend.cpp VSTwoParamAnimBlend.cpp VSPShader.cpp VSShader.cpp VSShaderKey.cpp VSShaderMap.cpp VSShaderStringFactory.cpp VSUserConstant.cpp VSUserSampler.cpp VSVShader.cpp VSPEBeginFunction.cpp VSPEEndFunction.cpp VSPEGray.cpp VSPostEffectFunction.cpp VSPostEffectSet.cpp VSBind.cpp VSCuller.cpp VSDebugDraw.cpp VSDepthStencil.cpp VSFont.cpp VSRenderer.cpp VSRenderTarget.cpp VSScene.cpp VSSceneManager.cpp VSSceneRender.cpp VSViewFamily.cpp VS1stCameraController.cpp VSCamera.cpp VSFreeCameraController.cpp VSBoneNode.cpp VSCLodTerrainNode.cpp VSDLodTerrainNode.cpp VSDLodTerrainSwitchNode.cpp VSGeometryNode.cpp VSMeshNode.cpp VSModelMeshNode.cpp VSModelSwitchNode.cpp VSNode.cpp VSSkelecton.cpp VSSkelectonMeshNode.cpp VSSpatial.cpp VSStaticMeshNode.cpp VSSwitchNode.cpp VSTerrainNode.cpp VSCLodTerrainGeometry.cpp VSCollapseRecord.cpp VSCreateClodFactory.cpp VSDLodTerrainGeometry.cpp VSDynamicBufferGeometry.cpp VSGeometry.cpp VSQuadTerrainGeometry.cpp VSRoamTerrainGemotry.cpp VSDataBuffer.cpp VSIndexBuffer.cpp VSLineSet.cpp VSMeshDate.cpp VSOrdinaryLineSet.cpp VSOrdinaryTriangleSet.cpp VSPointSet.cpp VSTriangleSet.cpp VSVertexBuffer.cpp VSVertexFormat.cpp VSDirectionLight.cpp VSLight.cpp VSPointLight.cpp VSSkyLight.cpp VSSpotLight.cpp VSBlendState.cpp VSDepthStencilState.cpp VSRasterizerState.cpp VSRenderState.cpp VSSamplerState.cpp VSIndirectRenderPass.cpp VSLightFunPass.cpp VSMaterialPass.cpp VSNormalDepthPass.cpp VSPass.cpp VSPrezPass.cpp VSShadowPass.cpp VSActor.cpp VSCameraActor.cpp VSLightActor.cpp VSSceneMap.cpp VSSkelectonActor.cpp VSStaticActor.cpp VSTerrainActor.cpp VSWorld.cpp VSAIState.cpp VSSteer.cpp VSEngineThread.cpp VSRenderThread.cpp VSUpdateThread.cpp VSEditorProperty.cpp
         VSEditorProperty.cpp
         VSUpdateThread.cpp
         VSRenderThread.cpp
         VSEngineThread.cpp
         VSSteer.cpp
         VSAIState.cpp
         VSWorld.cpp
         VSTerrainActor.cpp
         VSStaticActor.cpp
         VSSkelectonActor.cpp
         VSSceneMap.cpp
         VSLightActor.cpp
         VSCameraActor.cpp
         VSActor.cpp
         VSShadowPass.cpp
         VSPrezPass.cpp
         VSPass.cpp
         VSNormalDepthPass.cpp
         VSMaterialPass.cpp
         VSLightFunPass.cpp
         正在生成代码...
         正在编译...
         VSIndirectRenderPass.cpp
         VSSamplerState.cpp
         VSRenderState.cpp
         VSRasterizerState.cpp
         VSDepthStencilState.cpp
         VSBlendState.cpp
         VSSpotLight.cpp
         VSSkyLight.cpp
         VSPointLight.cpp
         VSLight.cpp
         VSDirectionLight.cpp
         VSVertexFormat.cpp
         VSVertexBuffer.cpp
         VSTriangleSet.cpp
         VSPointSet.cpp
         VSOrdinaryTriangleSet.cpp
         VSOrdinaryLineSet.cpp
         VSMeshDate.cpp
         VSLineSet.cpp
         VSIndexBuffer.cpp
         正在生成代码...
         正在编译...
         VSDataBuffer.cpp
         VSRoamTerrainGemotry.cpp
         VSQuadTerrainGeometry.cpp
         VSGeometry.cpp
         VSDynamicBufferGeometry.cpp
         VSDLodTerrainGeometry.cpp
         VSCreateClodFactory.cpp
         VSCollapseRecord.cpp
         VSCLodTerrainGeometry.cpp
         VSTerrainNode.cpp
         VSSwitchNode.cpp
         VSStaticMeshNode.cpp
         VSSpatial.cpp
         VSSkelectonMeshNode.cpp
         VSSkelecton.cpp
         VSNode.cpp
         VSModelSwitchNode.cpp
         VSModelMeshNode.cpp
         VSMeshNode.cpp
         VSGeometryNode.cpp
         正在生成代码...
         正在编译...
         VSDLodTerrainSwitchNode.cpp
         VSDLodTerrainNode.cpp
         VSCLodTerrainNode.cpp
         VSBoneNode.cpp
         VSFreeCameraController.cpp
         VSCamera.cpp
         VS1stCameraController.cpp
         VSViewFamily.cpp
         VSSceneRender.cpp
         VSSceneManager.cpp
         VSScene.cpp
         VSRenderTarget.cpp
         VSRenderer.cpp
         VSFont.cpp
         VSDepthStencil.cpp
         VSDebugDraw.cpp
         VSCuller.cpp
         VSBind.cpp
         VSPostEffectSet.cpp
         VSPostEffectFunction.cpp
         正在生成代码...
         正在编译...
         VSPEGray.cpp
         VSPEEndFunction.cpp
         VSPEBeginFunction.cpp
         VSVShader.cpp
         VSUserSampler.cpp
         VSUserConstant.cpp
         VSShaderStringFactory.cpp
         VSShaderMap.cpp
         VSShaderKey.cpp
         VSShader.cpp
         VSPShader.cpp
         VSTwoParamAnimBlend.cpp
         VSRectAnimBlend.cpp
         VSPartialAnimBlend.cpp
         VSOneParamAnimBlend.cpp
         VSMorphTree.cpp
         VSMorphSet.cpp
         VSMorphSequenceFunc.cpp
         VSMorphMainFunction.cpp
         VSMorphFunction.cpp
         正在生成代码...
         正在编译...
         VSMorphBaseFunction.cpp
         VSAnimTree.cpp
         VSAnimSet.cpp
         VSAnimSequenceFunc.cpp
         VSAnimMainFunction.cpp
         VSAnimFunction.cpp
         VSAnimBlendFunction.cpp
         VSAnimBaseFunction.cpp
         VSAnimAtom.cpp
         VSTexture.cpp
         VSTexAllState.cpp
         VSCubeTexture.cpp
         VSCaptureTexAllState.cpp
         VS3DTexture.cpp
         VS2DTexture.cpp
         VS1DTexture.cpp
         VSVertexColor.cpp
         VSTexSampler.cpp
         VSStraussShaderFunction.cpp
         VSShirleyShaderFunction.cpp
         正在生成代码...
         正在编译...
         VSShaderMainFunction.cpp
         VSShaderFunction.cpp
         VSSchlickShaderFunction.cpp
         VSPosShaderFunction.cpp
         VSPhoneShaderFunction.cpp
         VSOrenNayarShaderFunction.cpp
         VSNormalFunction.cpp
         VSMinnaertShaderFunction.cpp
         VSMaterial.cpp
         VSLightShaderFunction.cpp
         VSIsotropicWardShaderFunction.cpp
         VSCustomShaderFunction.cpp
         VSCookTorranceShaderFunction.cpp
         VSConstValue.cpp
         VSConstFloatValue.cpp
         VSCameraShaderFunction.cpp
         VSArithmeticShaderFunction.cpp
         VSAnisotropicWardShaderFunction.cpp
         VS2DTexSampler.cpp
         VS1DTexSampler.cpp
         正在生成代码...
         正在编译...
         VSVariant.cpp
         VSUseBuffer.cpp
         VSTwoParamAnimBlendSequence.cpp
         VSTransform.cpp
         VSTimeEvent.cpp
         VSTexCoord.cpp
         VSStream.cpp
         VSStaticMeshComponent.cpp
         VSSocketNode.cpp
         VSSkelectonMeshComponent.cpp
         VSRtti.cpp
         VSResourceManager.cpp
         VSResource.cpp
         VSReflectCameraActor.cpp
         VSReference.cpp
         VSPutNode.cpp
         VSProfiler.cpp
         VSPriority.cpp
         VSPostEffectShaderFunction.cpp
         VSPostEffectPass.cpp
         正在生成代码...
         正在编译...
         VSPEMaterial.cpp
         VSOneParamSmoothMorphBlend.cpp
         VSOneParamSmoothAnimBlendSequence.cpp
         VSOneParamSmoothAnimBlend.cpp
         VSOneParamMorphBlend.cpp
         VSOneParamImmediateAnimBlend.cpp
         VSObject.cpp
         VSNVCompression.cpp
         VSNullRenderer.cpp
         VSNodeComponent.cpp
         VSName.cpp
         VSMorphBlendFunction.cpp
         VSMonitor.cpp
         VSMeshComponent.cpp
         VSMain.cpp
         VSGraphic.cpp
         VSEnumTrans.cpp
         VSCustomArchiveObject.cpp
         VSController.cpp
         VSColorBuffer.cpp
         正在生成代码...
         正在编译...
         VSASYNLoader.cpp
         VSAdditiveBlend.cpp
         正在生成代码...
       Link:
         D:\Program Files (x86)\Microsoft Visual Studio 12.0\VC\bin\link.exe /ERRORREPORT:PROMPT /OUT:"..\Bin\VSGraphic_d.dll" /INCREMENTAL /NOLOGO ..\Bin\VSSystem_d.lib ..\Bin\VSMath_d.lib ..\Bin\VSDataStruct_d.lib ..\SDK\NVCompress\Lib\nvtt.lib kernel32.lib user32.lib gdi32.lib winspool.lib comdlg32.lib advapi32.lib shell32.lib ole32.lib oleaut32.lib uuid.lib odbc32.lib odbccp32.lib /MANIFEST /MANIFESTUAC:"level='asInvoker' uiAccess='false'" /manifest:embed /DEBUG /PDB:"..\Bin\VSGraphic_d.pdb" /SUBSYSTEM:WINDOWS /TLBID:1 /DYNAMICBASE /NXCOMPAT /IMPLIB:"..\Bin\VSGraphic_d.lib" /MACHINE:X86 /SAFESEH /DLL .\Debug\VSAdditiveBlend.obj
         .\Debug\VSASYNLoader.obj
         .\Debug\VSColorBuffer.obj
         .\Debug\VSController.obj
         .\Debug\VSCustomArchiveObject.obj
         .\Debug\VSEnumTrans.obj
         .\Debug\VSGraphic.obj
         .\Debug\VSMain.obj
         .\Debug\VSMeshComponent.obj
         .\Debug\VSMonitor.obj
         .\Debug\VSMorphBlendFunction.obj
         .\Debug\VSName.obj
         .\Debug\VSNodeComponent.obj
         .\Debug\VSNullRenderer.obj
         .\Debug\VSNVCompression.obj
         .\Debug\VSObject.obj
         .\Debug\VSOneParamImmediateAnimBlend.obj
         .\Debug\VSOneParamMorphBlend.obj
         .\Debug\VSOneParamSmoothAnimBlend.obj
         .\Debug\VSOneParamSmoothAnimBlendSequence.obj
         .\Debug\VSOneParamSmoothMorphBlend.obj
         .\Debug\VSPEMaterial.obj
         .\Debug\VSPostEffectPass.obj
         .\Debug\VSPostEffectShaderFunction.obj
         .\Debug\VSPriority.obj
         .\Debug\VSProfiler.obj
         .\Debug\VSPutNode.obj
         .\Debug\VSReference.obj
         .\Debug\VSReflectCameraActor.obj
         .\Debug\VSResource.obj
         .\Debug\VSResourceManager.obj
         .\Debug\VSRtti.obj
         .\Debug\VSSkelectonMeshComponent.obj
         .\Debug\VSSocketNode.obj
         .\Debug\VSStaticMeshComponent.obj
         .\Debug\VSStream.obj
         .\Debug\VSTexCoord.obj
         .\Debug\VSTimeEvent.obj
         .\Debug\VSTransform.obj
         .\Debug\VSTwoParamAnimBlendSequence.obj
         .\Debug\VSUseBuffer.obj
         .\Debug\VSVariant.obj
         .\Debug\VS1DTexSampler.obj
         .\Debug\VS2DTexSampler.obj
         .\Debug\VSAnisotropicWardShaderFunction.obj
         .\Debug\VSArithmeticShaderFunction.obj
         .\Debug\VSCameraShaderFunction.obj
         .\Debug\VSConstFloatValue.obj
         .\Debug\VSConstValue.obj
         .\Debug\VSCookTorranceShaderFunction.obj
         .\Debug\VSCustomShaderFunction.obj
         .\Debug\VSIsotropicWardShaderFunction.obj
         .\Debug\VSLightShaderFunction.obj
         .\Debug\VSMaterial.obj
         .\Debug\VSMinnaertShaderFunction.obj
         .\Debug\VSNormalFunction.obj
         .\Debug\VSOrenNayarShaderFunction.obj
         .\Debug\VSPhoneShaderFunction.obj
         .\Debug\VSPosShaderFunction.obj
         .\Debug\VSSchlickShaderFunction.obj
         .\Debug\VSShaderFunction.obj
         .\Debug\VSShaderMainFunction.obj
         .\Debug\VSShirleyShaderFunction.obj
         .\Debug\VSStraussShaderFunction.obj
         .\Debug\VSTexSampler.obj
         .\Debug\VSVertexColor.obj
         .\Debug\VS1DTexture.obj
         .\Debug\VS2DTexture.obj
         .\Debug\VS3DTexture.obj
         .\Debug\VSCaptureTexAllState.obj
         .\Debug\VSCubeTexture.obj
         .\Debug\VSTexAllState.obj
         .\Debug\VSTexture.obj
         .\Debug\VSAnimAtom.obj
         .\Debug\VSAnimBaseFunction.obj
         .\Debug\VSAnimBlendFunction.obj
         .\Debug\VSAnimFunction.obj
         .\Debug\VSAnimMainFunction.obj
         .\Debug\VSAnimSequenceFunc.obj
         .\Debug\VSAnimSet.obj
         .\Debug\VSAnimTree.obj
         .\Debug\VSMorphBaseFunction.obj
         .\Debug\VSMorphFunction.obj
         .\Debug\VSMorphMainFunction.obj
         .\Debug\VSMorphSequenceFunc.obj
         .\Debug\VSMorphSet.obj
         .\Debug\VSMorphTree.obj
         .\Debug\VSOneParamAnimBlend.obj
         .\Debug\VSPartialAnimBlend.obj
         .\Debug\VSRectAnimBlend.obj
         .\Debug\VSTwoParamAnimBlend.obj
         .\Debug\VSPShader.obj
         .\Debug\VSShader.obj
         .\Debug\VSShaderKey.obj
         .\Debug\VSShaderMap.obj
         .\Debug\VSShaderStringFactory.obj
         .\Debug\VSUserConstant.obj
         .\Debug\VSUserSampler.obj
         .\Debug\VSVShader.obj
         .\Debug\VSPEBeginFunction.obj
         .\Debug\VSPEEndFunction.obj
         .\Debug\VSPEGray.obj
         .\Debug\VSPostEffectFunction.obj
         .\Debug\VSPostEffectSet.obj
         .\Debug\VSBind.obj
         .\Debug\VSCuller.obj
         .\Debug\VSDebugDraw.obj
         .\Debug\VSDepthStencil.obj
         .\Debug\VSFont.obj
         .\Debug\VSRenderer.obj
         .\Debug\VSRenderTarget.obj
         .\Debug\VSScene.obj
         .\Debug\VSSceneManager.obj
         .\Debug\VSSceneRender.obj
         .\Debug\VSViewFamily.obj
         .\Debug\VS1stCameraController.obj
         .\Debug\VSCamera.obj
         .\Debug\VSFreeCameraController.obj
         .\Debug\VSBoneNode.obj
         .\Debug\VSCLodTerrainNode.obj
         .\Debug\VSDLodTerrainNode.obj
         .\Debug\VSDLodTerrainSwitchNode.obj
         .\Debug\VSGeometryNode.obj
         .\Debug\VSMeshNode.obj
         .\Debug\VSModelMeshNode.obj
         .\Debug\VSModelSwitchNode.obj
         .\Debug\VSNode.obj
         .\Debug\VSSkelecton.obj
         .\Debug\VSSkelectonMeshNode.obj
         .\Debug\VSSpatial.obj
         .\Debug\VSStaticMeshNode.obj
         .\Debug\VSSwitchNode.obj
         .\Debug\VSTerrainNode.obj
         .\Debug\VSCLodTerrainGeometry.obj
         .\Debug\VSCollapseRecord.obj
         .\Debug\VSCreateClodFactory.obj
         .\Debug\VSDLodTerrainGeometry.obj
         .\Debug\VSDynamicBufferGeometry.obj
         .\Debug\VSGeometry.obj
         .\Debug\VSQuadTerrainGeometry.obj
         .\Debug\VSRoamTerrainGemotry.obj
         .\Debug\VSDataBuffer.obj
         .\Debug\VSIndexBuffer.obj
         .\Debug\VSLineSet.obj
         .\Debug\VSMeshDate.obj
         .\Debug\VSOrdinaryLineSet.obj
         .\Debug\VSOrdinaryTriangleSet.obj
         .\Debug\VSPointSet.obj
         .\Debug\VSTriangleSet.obj
         .\Debug\VSVertexBuffer.obj
         .\Debug\VSVertexFormat.obj
         .\Debug\VSDirectionLight.obj
         .\Debug\VSLight.obj
         .\Debug\VSPointLight.obj
         .\Debug\VSSkyLight.obj
         .\Debug\VSSpotLight.obj
         .\Debug\VSBlendState.obj
         .\Debug\VSDepthStencilState.obj
         .\Debug\VSRasterizerState.obj
         .\Debug\VSRenderState.obj
         .\Debug\VSSamplerState.obj
         .\Debug\VSIndirectRenderPass.obj
         .\Debug\VSLightFunPass.obj
         .\Debug\VSMaterialPass.obj
         .\Debug\VSNormalDepthPass.obj
         .\Debug\VSPass.obj
         .\Debug\VSPrezPass.obj
         .\Debug\VSShadowPass.obj
         .\Debug\VSActor.obj
         .\Debug\VSCameraActor.obj
         .\Debug\VSLightActor.obj
         .\Debug\VSSceneMap.obj
         .\Debug\VSSkelectonActor.obj
         .\Debug\VSStaticActor.obj
         .\Debug\VSTerrainActor.obj
         .\Debug\VSWorld.obj
         .\Debug\VSAIState.obj
         .\Debug\VSSteer.obj
         .\Debug\VSEngineThread.obj
         .\Debug\VSRenderThread.obj
         .\Debug\VSUpdateThread.obj
         .\Debug\VSEditorProperty.obj
         "E:\VSEngine2-master\Bin\VSDataStruct_d.lib"
         "E:\VSEngine2-master\Bin\VSMath_d.lib"
         "E:\VSEngine2-master\bin\VSSystem_d.lib"
     1>VSAdditiveBlend.obj : warning LNK4075: 忽略“/EDITANDCONTINUE”(由于“/SAFESEH”规范)
            正在创建库 ..\Bin\VSGraphic_d.lib 和对象 ..\Bin\VSGraphic_d.exp
         VSGraphic.vcxproj -> E:\VSEngine2-master\VSGraphic\..\Bin\VSGraphic_d.dll
     1>已完成生成项目“E:\VSEngine2-master\VSGraphic\VSGraphic.vcxproj”(Build 个目标)的操作。

生成成功。

已用时间 00:04:25.28
