生成启动时间为 2018/5/31 21:19:40。
     1>项目“E:\VSEngine2-master\VSMath\VSMath.vcxproj”在节点 2 上(Build 个目标)。
     1>ClCompile:
         D:\Program Files (x86)\Microsoft Visual Studio 12.0\VC\bin\CL.exe /c /I..\VSSystem\ /ZI /nologo /W3 /WX- /Od /Oy- /D WIN32 /D _DEBUG /D _WINDOWS /D _USRDLL /D VSMATH_EXPORTS /D _WINDLL /Gm /EHsc /RTC1 /MDd /GS /fp:precise /Zc:wchar_t /Zc:forScope /Fo".\Debug\\" /Fd".\Debug\vc120.pdb" /Gd /TP /analyze- /errorReport:prompt VSAABB3.cpp VSAABB3Distance.cpp VSAABB3RelationWith.cpp VSB_SplineCurve3.cpp VSB_SplineSurface3.cpp VSBezierCurve3.cpp VSBezierSurface3.cpp VSControlCurve3.cpp VSControlSurface3.cpp VSCurve3.cpp VSCurve3SubdivisionByError.cpp VSCurve3SubdivisionByLength.cpp VSCurve3SubdivisionByUniform.cpp VSCurve3Subdivsion.cpp VSCurveLengthFunction1.cpp VSCurveSet3.cpp VSCylinder3.cpp VSCylinderSurface.cpp VSDiffEquation.cpp VSFastFunction.cpp VSFunction1.cpp VSGeneralizedCylinderSurface3.cpp VSLine3.cpp VSLine3Distance.cpp VSLine3RelationWith.cpp VSMath.cpp VSMatrix3X3.cpp VSMatrix3X3W.cpp VSNURBSCurve3.cpp VSNURBSSurface3.cpp VSOBB3.cpp VSOBB3Distance.cpp VSOBB3RelationWith.cpp VSOtherMath.cpp VSPlane3.cpp VSPlane3Distance.cpp VSPlane3RelationWith.cpp VSPolygon3.cpp VSPolygon3Clip.cpp VSPolygon3Distance.cpp VSPolygon3RelationWith.cpp VSQuat.cpp VSRay3.cpp VSRay3Distance.cpp VSRay3RelationWith.cpp VSRect2.cpp VSRectangle3.cpp VSRectangle3Distance.cpp VSRectangle3RelationWith.cpp VSRevolutionSurface3.cpp VSSegment3.cpp VSSegment3Distance.cpp VSSegment3RelationWith.cpp VSSegmentCurve3.cpp VSSphere3.cpp VSSphere3Distance.cpp VSSphere3RelationWith.cpp VSSurface3.cpp VSSurface3Subdivision.cpp VSSurface3SubdivisionByLength.cpp VSSurface3SubdivisionByUniform.cpp VSSurfaceLengthFunction1.cpp VSTriangle3.cpp VSTriangle3Distance.cpp VSTriangle3RelationWith.cpp VSTubeSurface3.cpp VSVector2.cpp VSVector3.cpp VSVector3Distance.cpp VSVector3RelationWith.cpp VSVector3W.cpp
         VSVector3W.cpp
         VSVector3RelationWith.cpp
         VSVector3Distance.cpp
         VSVector3.cpp
         VSVector2.cpp
         VSTubeSurface3.cpp
         VSTriangle3RelationWith.cpp
         VSTriangle3Distance.cpp
         VSTriangle3.cpp
         VSSurfaceLengthFunction1.cpp
         VSSurface3SubdivisionByUniform.cpp
         VSSurface3SubdivisionByLength.cpp
         VSSurface3Subdivision.cpp
         VSSurface3.cpp
         VSSphere3RelationWith.cpp
         VSSphere3Distance.cpp
         VSSphere3.cpp
         VSSegmentCurve3.cpp
         VSSegment3RelationWith.cpp
         VSSegment3Distance.cpp
         正在生成代码...
         正在编译...
         VSSegment3.cpp
         VSRevolutionSurface3.cpp
         VSRectangle3RelationWith.cpp
         VSRectangle3Distance.cpp
         VSRectangle3.cpp
         VSRect2.cpp
         VSRay3RelationWith.cpp
         VSRay3Distance.cpp
         VSRay3.cpp
         VSQuat.cpp
         VSPolygon3RelationWith.cpp
         VSPolygon3Distance.cpp
         VSPolygon3Clip.cpp
         VSPolygon3.cpp
         VSPlane3RelationWith.cpp
         VSPlane3Distance.cpp
         VSPlane3.cpp
         VSOtherMath.cpp
         VSOBB3RelationWith.cpp
         VSOBB3Distance.cpp
         正在生成代码...
         正在编译...
         VSOBB3.cpp
         VSNURBSSurface3.cpp
         VSNURBSCurve3.cpp
         VSMatrix3X3W.cpp
         VSMatrix3X3.cpp
         VSMath.cpp
         VSLine3RelationWith.cpp
         VSLine3Distance.cpp
         VSLine3.cpp
         VSGeneralizedCylinderSurface3.cpp
         VSFunction1.cpp
         VSFastFunction.cpp
         VSDiffEquation.cpp
         VSCylinderSurface.cpp
         VSCylinder3.cpp
         VSCurveSet3.cpp
         VSCurveLengthFunction1.cpp
         VSCurve3Subdivsion.cpp
         VSCurve3SubdivisionByUniform.cpp
         VSCurve3SubdivisionByLength.cpp
         正在生成代码...
         正在编译...
         VSCurve3SubdivisionByError.cpp
         VSCurve3.cpp
         VSControlSurface3.cpp
         VSControlCurve3.cpp
         VSBezierSurface3.cpp
         VSBezierCurve3.cpp
         VSB_SplineSurface3.cpp
         VSB_SplineCurve3.cpp
         VSAABB3RelationWith.cpp
         VSAABB3Distance.cpp
         VSAABB3.cpp
         正在生成代码...
       Link:
         D:\Program Files (x86)\Microsoft Visual Studio 12.0\VC\bin\link.exe /ERRORREPORT:PROMPT /OUT:"..\Bin\VSMath_d.dll" /INCREMENTAL /NOLOGO ..\Bin\VSSystem_d.lib kernel32.lib user32.lib gdi32.lib winspool.lib comdlg32.lib advapi32.lib shell32.lib ole32.lib oleaut32.lib uuid.lib odbc32.lib odbccp32.lib /MANIFEST /MANIFESTUAC:"level='asInvoker' uiAccess='false'" /manifest:embed /DEBUG /PDB:"..\Bin\VSMath_d.pdb" /SUBSYSTEM:WINDOWS /TLBID:1 /DYNAMICBASE /NXCOMPAT /IMPLIB:"..\Bin\VSMath_d.lib" /MACHINE:X86 /SAFESEH /DLL .\Debug\VSAABB3.obj
         .\Debug\VSAABB3Distance.obj
         .\Debug\VSAABB3RelationWith.obj
         .\Debug\VSB_SplineCurve3.obj
         .\Debug\VSB_SplineSurface3.obj
         .\Debug\VSBezierCurve3.obj
         .\Debug\VSBezierSurface3.obj
         .\Debug\VSControlCurve3.obj
         .\Debug\VSControlSurface3.obj
         .\Debug\VSCurve3.obj
         .\Debug\VSCurve3SubdivisionByError.obj
         .\Debug\VSCurve3SubdivisionByLength.obj
         .\Debug\VSCurve3SubdivisionByUniform.obj
         .\Debug\VSCurve3Subdivsion.obj
         .\Debug\VSCurveLengthFunction1.obj
         .\Debug\VSCurveSet3.obj
         .\Debug\VSCylinder3.obj
         .\Debug\VSCylinderSurface.obj
         .\Debug\VSDiffEquation.obj
         .\Debug\VSFastFunction.obj
         .\Debug\VSFunction1.obj
         .\Debug\VSGeneralizedCylinderSurface3.obj
         .\Debug\VSLine3.obj
         .\Debug\VSLine3Distance.obj
         .\Debug\VSLine3RelationWith.obj
         .\Debug\VSMath.obj
         .\Debug\VSMatrix3X3.obj
         .\Debug\VSMatrix3X3W.obj
         .\Debug\VSNURBSCurve3.obj
         .\Debug\VSNURBSSurface3.obj
         .\Debug\VSOBB3.obj
         .\Debug\VSOBB3Distance.obj
         .\Debug\VSOBB3RelationWith.obj
         .\Debug\VSOtherMath.obj
         .\Debug\VSPlane3.obj
         .\Debug\VSPlane3Distance.obj
         .\Debug\VSPlane3RelationWith.obj
         .\Debug\VSPolygon3.obj
         .\Debug\VSPolygon3Clip.obj
         .\Debug\VSPolygon3Distance.obj
         .\Debug\VSPolygon3RelationWith.obj
         .\Debug\VSQuat.obj
         .\Debug\VSRay3.obj
         .\Debug\VSRay3Distance.obj
         .\Debug\VSRay3RelationWith.obj
         .\Debug\VSRect2.obj
         .\Debug\VSRectangle3.obj
         .\Debug\VSRectangle3Distance.obj
         .\Debug\VSRectangle3RelationWith.obj
         .\Debug\VSRevolutionSurface3.obj
         .\Debug\VSSegment3.obj
         .\Debug\VSSegment3Distance.obj
         .\Debug\VSSegment3RelationWith.obj
         .\Debug\VSSegmentCurve3.obj
         .\Debug\VSSphere3.obj
         .\Debug\VSSphere3Distance.obj
         .\Debug\VSSphere3RelationWith.obj
         .\Debug\VSSurface3.obj
         .\Debug\VSSurface3Subdivision.obj
         .\Debug\VSSurface3SubdivisionByLength.obj
         .\Debug\VSSurface3SubdivisionByUniform.obj
         .\Debug\VSSurfaceLengthFunction1.obj
         .\Debug\VSTriangle3.obj
         .\Debug\VSTriangle3Distance.obj
         .\Debug\VSTriangle3RelationWith.obj
         .\Debug\VSTubeSurface3.obj
         .\Debug\VSVector2.obj
         .\Debug\VSVector3.obj
         .\Debug\VSVector3Distance.obj
         .\Debug\VSVector3RelationWith.obj
         .\Debug\VSVector3W.obj
         "E:\VSEngine2-master\bin\VSSystem_d.lib"
     1>VSAABB3.obj : warning LNK4075: 忽略“/EDITANDCONTINUE”(由于“/SAFESEH”规范)
            正在创建库 ..\Bin\VSMath_d.lib 和对象 ..\Bin\VSMath_d.exp
         VSMath.vcxproj -> E:\VSEngine2-master\VSMath\..\Bin\VSMath_d.dll
     1>已完成生成项目“E:\VSEngine2-master\VSMath\VSMath.vcxproj”(Build 个目标)的操作。

生成成功。

已用时间 00:00:37.47
